#
# There is insufficient memory for the Java Runtime Environment to continue.
# Native memory allocation (malloc) failed to allocate 1048576 bytes for AllocateHeap
# Possible reasons:
#   The system is out of physical RAM or swap space
#   In 32 bit mode, the process size limit was hit
# Possible solutions:
#   Reduce memory load on the system
#   Increase physical memory or swap space
#   Check if swap backing store is full
#   Use 64 bit Java on a 64 bit OS
#   Decrease Java heap size (-Xmx/-Xms)
#   Decrease number of Java threads
#   Decrease Java thread stack sizes (-Xss)
#   Set larger code cache with -XX:ReservedCodeCacheSize=
# This output file may be truncated or incomplete.
#
#  Out of Memory Error (memory/allocation.inline.hpp:61), pid=39892, tid=0x0000000000009d90
#
# JRE version:  (8.0_181-b13) (build )
# Java VM: Java HotSpot(TM) 64-Bit Server VM (25.181-b13 mixed mode windows-amd64 compressed oops)
# Failed to write core dump. Minidumps are not enabled by default on client versions of Windows
#

---------------  T H R E A D  ---------------

Current thread (0x00000000012fe000):  JavaThread "Unknown thread" [_thread_in_vm, id=40336, stack(0x0000000002d20000,0x0000000002e20000)]

Stack: [0x0000000002d20000,0x0000000002e20000]
[error occurred during error reporting (printing stack bounds), id 0xc0000005]

Native frames: (J=compiled Java code, j=interpreted, Vv=VM code, C=native code)


---------------  P R O C E S S  ---------------

Java Threads: ( => current thread )

Other Threads:

=>0x00000000012fe000 (exited) JavaThread "Unknown thread" [_thread_in_vm, id=40336, stack(0x0000000002d20000,0x0000000002e20000)]

VM state:not at safepoint (normal execution)

VM Mutex/Monitor currently owned by a thread: None

Heap:
 PSYoungGen      total 37888K, used 655K [0x00000000d6380000, 0x00000000d8d80000, 0x0000000100000000)
  eden space 32768K, 2% used [0x00000000d6380000,0x00000000d6423d80,0x00000000d8380000)
  from space 5120K, 0% used [0x00000000d8880000,0x00000000d8880000,0x00000000d8d80000)
  to   space 5120K, 0% used [0x00000000d8380000,0x00000000d8380000,0x00000000d8880000)
 ParOldGen       total 86016K, used 0K [0x0000000082a00000, 0x0000000087e00000, 0x00000000d6380000)
  object space 86016K, 0% used [0x0000000082a00000,0x0000000082a00000,0x0000000087e00000)
 Metaspace       used 751K, capacity 4480K, committed 4480K, reserved 1056768K
  class space    used 76K, capacity 384K, committed 384K, reserved 1048576K

Card table byte_map: [0x00000000122e0000,0x00000000126d0000] byte_map_base: 0x0000000011ecb000

Marking Bits: (ParMarkBitMap*) 0x000000006c212d00
 Begin Bits: [0x0000000013170000, 0x00000000150c8000)
 End Bits:   [0x00000000150c8000, 0x0000000017020000)

Polling page: 0x00000000012c0000

CodeCache: size=245760Kb used=328Kb max_used=328Kb free=245431Kb
 bounds [0x0000000002f20000, 0x0000000003190000, 0x0000000011f20000]
 total_blobs=58 nmethods=0 adapters=38
 compilation: enabled

Compilation events (0 events):
No events

GC Heap History (0 events):
No events

Deoptimization events (0 events):
No events

Classes redefined (0 events):
No events

Internal exceptions (0 events):
No events

Events (10 events):
Event: 0.306 loading class java/lang/Short
Event: 0.307 loading class java/lang/Short done
Event: 0.307 loading class java/lang/Integer
Event: 0.307 loading class java/lang/Integer done
Event: 0.307 loading class java/lang/Long
Event: 0.307 loading class java/lang/Long done
Event: 0.308 loading class java/lang/NullPointerException
Event: 0.308 loading class java/lang/NullPointerException done
Event: 0.308 loading class java/lang/ArithmeticException
Event: 0.308 loading class java/lang/ArithmeticException done


Dynamic libraries:
0x00007ff799650000 - 0x00007ff799687000 	C:\Program Files\Java\jre1.8.0_181\bin\javaw.exe
0x00007ffc2b250000 - 0x00007ffc2b447000 	C:\Windows\SYSTEM32\ntdll.dll
0x00007ffc29460000 - 0x00007ffc2951d000 	C:\Windows\System32\KERNEL32.DLL
0x00007ffc28cb0000 - 0x00007ffc28f7d000 	C:\Windows\System32\KERNELBASE.dll
0x00007ffc29350000 - 0x00007ffc293fe000 	C:\Windows\System32\ADVAPI32.dll
0x00007ffc292b0000 - 0x00007ffc2934e000 	C:\Windows\System32\msvcrt.dll
0x00007ffc2ab80000 - 0x00007ffc2ac1c000 	C:\Windows\System32\sechost.dll
0x00007ffc295d0000 - 0x00007ffc296f5000 	C:\Windows\System32\RPCRT4.dll
0x00007ffc2ac20000 - 0x00007ffc2adc0000 	C:\Windows\System32\USER32.dll
0x00007ffc28a80000 - 0x00007ffc28aa2000 	C:\Windows\System32\win32u.dll
0x00007ffc2ade0000 - 0x00007ffc2ae0a000 	C:\Windows\System32\GDI32.dll
0x00007ffc28970000 - 0x00007ffc28a7b000 	C:\Windows\System32\gdi32full.dll
0x00007ffc29150000 - 0x00007ffc291ed000 	C:\Windows\System32\msvcp_win.dll
0x00007ffc28bb0000 - 0x00007ffc28cb0000 	C:\Windows\System32\ucrtbase.dll
0x00007ffc0fa70000 - 0x00007ffc0fd0a000 	C:\Windows\WinSxS\amd64_microsoft.windows.common-controls_6595b64144ccf1df_6.0.19041.1110_none_60b5254171f9507e\COMCTL32.dll
0x00007ffc29a00000 - 0x00007ffc29a30000 	C:\Windows\System32\IMM32.DLL
0x000000006e3c0000 - 0x000000006e3cc000 	C:\Program Files (x86)\360\Total Security\safemon\SafeWrapper.dll
0x00007ffbe9ac0000 - 0x00007ffbe9b52000 	C:\Program Files (x86)\360\Total Security\safemon\libzdtp64.dll
0x00007ffc29a30000 - 0x00007ffc2a174000 	C:\Windows\System32\SHELL32.dll
0x00007ffc2aa00000 - 0x00007ffc2aa55000 	C:\Windows\System32\SHLWAPI.dll
0x00007ffc28520000 - 0x00007ffc2852a000 	C:\Windows\SYSTEM32\VERSION.dll
0x000000006dd40000 - 0x000000006de12000 	C:\Program Files\Java\jre1.8.0_181\bin\msvcr100.dll
0x000000006b9f0000 - 0x000000006c292000 	C:\Program Files\Java\jre1.8.0_181\bin\server\jvm.dll
0x00007ffc2aea0000 - 0x00007ffc2aea8000 	C:\Windows\System32\PSAPI.DLL
0x00007ffc1c6f0000 - 0x00007ffc1c6f9000 	C:\Windows\SYSTEM32\WSOCK32.dll
0x00007ffc2a5f0000 - 0x00007ffc2a65b000 	C:\Windows\System32\WS2_32.dll
0x00007ffc02350000 - 0x00007ffc02377000 	C:\Windows\SYSTEM32\WINMM.dll
0x000000006e3d0000 - 0x000000006e3df000 	C:\Program Files\Java\jre1.8.0_181\bin\verify.dll
0x000000006dd10000 - 0x000000006dd39000 	C:\Program Files\Java\jre1.8.0_181\bin\java.dll
0x000000006dcf0000 - 0x000000006dd06000 	C:\Program Files\Java\jre1.8.0_181\bin\zip.dll

VM Arguments:
jvm_args: -Dfile.encoding=UTF-8 
java_command: com.threading.WaitNotifyExample
java_class_path (initial): E:\STUDY\Workspace\eclipse-workspace\eclipse-workspace\JavaMavanCoreJavaPractice\target\classes;C:\Users\Mukes\.m2\repository\mysql\mysql-connector-java\8.0.11\mysql-connector-java-8.0.11.jar;C:\Users\Mukes\.m2\repository\com\google\protobuf\protobuf-java\2.6.0\protobuf-java-2.6.0.jar
Launcher Type: SUN_STANDARD

Environment Variables:
JAVA_HOME=C:\Program Files\Java\jdk1.8.0_181
PATH=C:/Program Files/Java/jdk1.8.0_181/bin/../jre/bin/server;C:/Program Files/Java/jdk1.8.0_181/bin/../jre/bin;C:/Program Files/Java/jdk1.8.0_181/bin/../jre/lib/amd64;C:\Program Files (x86)\Common Files\Oracle\Java\javapath;C:\Program Files\Python310\Scripts\;C:\Program Files\Python310\;C:\Windows\system32;C:\Windows;C:\Windows\System32\Wbem;C:\Windows\System32\WindowsPowerShell\v1.0\;C:\Windows\System32\OpenSSH\;C:\Program Files (x86)\NVIDIA Corporation\PhysX\Common;C:\Program Files\NVIDIA Corporation\NVIDIA NvDLISR;C:\Program Files\Calibre2\;C:\Program Files (x86)\QuickTime\QTSystem\;C:\Program Files\apache-maven-3.8.2\bin;C:\Program Files\Java\jdk1.8.0_181\bin;C:\Program Files\Git\cmd;C:\platform-tools_r31.0.3-windows\platform-tools;C:\Users\Mukes\AppData\Local\Microsoft\WindowsApps;C:\Program Files (x86)\AAC Audiobook Creator\Tools\SSA;C:\Program Files\JetBrains\PyCharm Community Edition 2021.2.2\bin;C:\Users\Mukes\AppData\Local\Programs\Microsoft VS Code\bin;C:\platform-tools_r31.0.3-windows;C:\adb;C:\Users\Mukes\AppData\Local\Microsoft\WindowsApps;C:\Program Files\Java\jdk1.8.0_181\bin;C:\Program Files (x86)\AAC Audiobook Creator\Tools\SSA;C:\Program Files\apache-maven-3.8.2\bin;C:\Program Files\JetBrains\PyCharm Community Edition 2021.2.2\bin;;C:\Users\Mukes\AppData\Local\Programs\Microsoft VS Code\bin;C:\platform-tools_r31.0.3-windows;C:\Program Files\JetBrains\IntelliJ IDEA Community Edition 2022.1.2\bin;;;C:\Users\Mukes\eclipse\jee-2020-06\eclipse;
USERNAME=mukesh
OS=Windows_NT
PROCESSOR_IDENTIFIER=Intel64 Family 6 Model 142 Stepping 12, GenuineIntel



---------------  S Y S T E M  ---------------

OS: Windows 10.0 , 64 bit Build 19041 (10.0.19041.1741)

CPU:total 8 (initial active 8) (4 cores per cpu, 2 threads per core) family 6 model 142 stepping 12, cmov, cx8, fxsr, mmx, sse, sse2, sse3, ssse3, sse4.1, sse4.2, popcnt, avx, avx2, aes, clmul, erms, 3dnowpref, lzcnt, ht, tsc, tscinvbit, bmi1, bmi2, adx

Memory: 4k page, physical 8212980k(193740k free), swap 33378804k(5892k free)

vm_info: Java HotSpot(TM) 64-Bit Server VM (25.181-b13) for windows-amd64 JRE (1.8.0_181-b13), built on Jul  7 2018 04:01:33 by "java_re" with MS VC++ 10.0 (VS2010)

time: Thu Jul 07 20:02:36 2022
elapsed time: 0 seconds (0d 0h 0m 0s)

